Number of threads used: 4.

--------------------------------------------------------------------------------
Solver started at: 04:05 PM Thursday, 11. February 2016

  Module:  Eigenmodes (Win 64)
  Version: 2015.6 Release from 2015-10-30 (change 399873)

--------------------------------------------------------------------------------
Units settings: 

  Dimensions: mm
  Frequency:  GHz
  Time:       ns

--------------------------------------------------------------------------------
Boundary conditions: 

  YZsymmetry: magnetic
  XZsymmetry: magnetic
  XYsymmetry: none

  Xmin: magnetic
  Xmax: electric

  Ymin: magnetic
  Ymax: electric

  Zmin: electric
  Zmax: electric

--------------------------------------------------------------------------------
Eigenmode solver settings:

  Mesh: Tetrahedral
  Method: Default
  Desired accuracy: 1e-006
  Number of modes: 10
  Consider losses: no (perturbation method)
  Solver order: 2nd (constant)
  Curved elements: up to order 3 (automatic)

--------------------------------------------------------------------------------
Estimation frequency: 1 GHz

--------------------------------------------------------------------------------
Adaptive Computation

--------------------------------------------------------------------------------
Pass 1: 

--------------------------------------------------------------------------------
Eigenmode solver results:

--------------------------------------------------------------------------------
  Mode		Frequency			Accuracy
    1 		1.27731479409 GHz		3.264e-007
    2 		1.27940877793 GHz		4.334e-007
    3 		1.28263619472 GHz		1.506e-007
    4 		1.28660160417 GHz		1.646e-007
    5 		1.29084671536 GHz		1.493e-007
    6 		1.29485206806 GHz		8.37e-007
    7 		1.29814058132 GHz		1.164e-007
    8 		1.30029284265 GHz		3.796e-007
    9 		1.30093720801 GHz		6.211e-007
   10 		2.23011012784 GHz		9.347e-007
--------------------------------------------------------------------------------

--------------------------------------------------------------------------------
Refinement successful
Pass 2: 

--------------------------------------------------------------------------------
Eigenmode solver results:

--------------------------------------------------------------------------------
  Mode		Frequency			Accuracy
    1 		1.27731430262 GHz		9.152e-007
    2 		1.27940815364 GHz		2.825e-007
    3 		1.28263323564 GHz		3.704e-007
    4 		1.28659614623 GHz		7.567e-008
    5 		1.29083881198 GHz		4.133e-007
    6 		1.29484212926 GHz		8.208e-007
    7 		1.29812904111 GHz		8.686e-007
    8 		1.30028159093 GHz		1.759e-007
    9 		1.30093343330 GHz		6.227e-007
   10 		2.23200580558 GHz		2.677e-007
--------------------------------------------------------------------------------

--------------------------------------------------------------------------------


Solver Statistics:

  ----------------------------------------------------------------------------
                      Peak memory used (kB)         Free physical memory (kB) 
                                                    At begin     Minimum      
  ----------------------------------------------------------------------------
  Solver start        17720                         1455652      1455652      
  Sol.eigenm.probl.   519328                        1401072      969820       
  Solver run total    519328                        1455744      969820       

  Computer name       ACCDIVPC7
  ----------------------------------------------------------------------------

  Mesh generation time     :	29 s
  Solver time              :	47 s
    Solve eigenmode problem:	18 s

  Total time               :	76 s	 (= 0 h, 01 m, 16 s)

--------------------------------------------------------------------------------
