Number of threads used: 4.

--------------------------------------------------------------------------------
Solver started at: 04:36 PM Thursday, 11. February 2016

  Module:  Eigenmodes (Win 64)
  Version: 2015.6 Release from 2015-10-30 (change 399873)

--------------------------------------------------------------------------------
Units settings: 

  Dimensions: mm
  Frequency:  GHz
  Time:       ns

--------------------------------------------------------------------------------
Boundary conditions: 

  YZsymmetry: magnetic
  XZsymmetry: magnetic
  XYsymmetry: none

  Xmin: magnetic
  Xmax: electric

  Ymin: magnetic
  Ymax: electric

  Zmin: electric
  Zmax: electric

--------------------------------------------------------------------------------
Eigenmode solver settings:

  Mesh: Tetrahedral
  Method: Default
  Desired accuracy: 1e-006
  Number of modes: 9
  Consider losses: no (perturbation method)
  Solver order: 2nd (constant)
  Curved elements: up to order 3 (automatic)

--------------------------------------------------------------------------------
Estimation frequency: 1 GHz

--------------------------------------------------------------------------------
Adaptive Computation

--------------------------------------------------------------------------------
Pass 1: 

--------------------------------------------------------------------------------
Eigenmode solver results:

--------------------------------------------------------------------------------
  Mode		Frequency			Accuracy
    1 		1.27729986987 GHz		6.043e-008
    2 		1.27939276152 GHz		1.209e-007
    3 		1.28260688356 GHz		1.467e-007
    4 		1.28657526816 GHz		1.328e-007
    5 		1.29081585339 GHz		1.599e-007
    6 		1.29482002510 GHz		2.325e-007
    7 		1.29809499026 GHz		1.118e-007
    8 		1.30024148903 GHz		8.181e-008
    9 		1.30090330309 GHz		1.582e-007
--------------------------------------------------------------------------------

--------------------------------------------------------------------------------
Refinement successful
Pass 2: 

--------------------------------------------------------------------------------
Eigenmode solver results:

--------------------------------------------------------------------------------
  Mode		Frequency			Accuracy
    1 		1.27731703588 GHz		7.328e-007
    2 		1.27941122921 GHz		1.303e-007
    3 		1.28263434226 GHz		6.946e-007
    4 		1.28660496303 GHz		1.672e-007
    5 		1.29084553702 GHz		5.215e-007
    6 		1.29485394999 GHz		3.868e-007
    7 		1.29813583641 GHz		4.222e-007
    8 		1.30028608034 GHz		9.219e-007
    9 		1.30094931732 GHz		5.652e-007
--------------------------------------------------------------------------------

--------------------------------------------------------------------------------


Solver Statistics:

  ----------------------------------------------------------------------------
                      Peak memory used (kB)         Free physical memory (kB) 
                                                    At begin     Minimum      
  ----------------------------------------------------------------------------
  Solver start        17788                         2460316      2460188      
  Sol.eigenm.probl.   427048                        2411928      2034704      
  Solver run total    427048                        2460160      2034704      

  Computer name       ACCDIVPC7
  ----------------------------------------------------------------------------

  Mesh generation time     :	29 s
  Solver time              :	34 s
    Solve eigenmode problem:	8 s

  Total time               :	63 s	 (= 0 h, 01 m, 03 s)

--------------------------------------------------------------------------------
